<?xml version="1.0" encoding="UTF-8"?>
<!-- Generated by org.testng.reporters.JUnitXMLReporter -->
<testsuite hostname="DESKTOP-7MR7K0D" ignored="2" name="TestRunner-3" tests="1" failures="0" timestamp="2023-12-14T18:31:45 IST" time="110.49" errors="0">
  <testcase name="createContact_TC003" time="57.648" classname="com.CRM_Vtiger.ContactsModule.CreateContact"/>
  <testcase name="createContact_TC002" time="0.0" classname="com.CRM_Vtiger.ContactsModule.CreateContact">
    <ignored/>
  </testcase> <!-- createContact_TC002 -->
  <testcase name="createContact_TC001" time="0.0" classname="com.CRM_Vtiger.ContactsModule.CreateContact">
    <ignored/>
  </testcase> <!-- createContact_TC001 -->
</testsuite> <!-- TestRunner-3 -->
