<?xml version="1.0" encoding="UTF-8"?>
<!-- Generated by org.testng.reporters.JUnitXMLReporter -->
<testsuite hostname="DESKTOP-7MR7K0D" ignored="0" name="Default test" tests="3" failures="0" timestamp="2023-12-13T21:49:34 IST" time="123.111" errors="0">
  <testcase name="createContact_TC001" time="19.909" classname="com.CRM_Vtiger.ContactsModule.CreateContact"/>
  <testcase name="createContact_TC002" time="26.425" classname="com.CRM_Vtiger.ContactsModule.CreateContact"/>
  <testcase name="createContact_TC003" time="43.185" classname="com.CRM_Vtiger.ContactsModule.CreateContact"/>
</testsuite> <!-- Default test -->
