<?xml version="1.0" encoding="UTF-8"?>
<!-- Generated by org.testng.reporters.JUnitXMLReporter -->
<testsuite hostname="DESKTOP-7MR7K0D" ignored="0" name="Test" tests="3" failures="0" timestamp="2023-12-14T07:44:47 IST" time="119.116" errors="0">
  <testcase name="createContact_TC001" time="20.155" classname="com.CRM_Vtiger.ContactsModule.CreateContact"/>
  <testcase name="createContact_TC002" time="26.575" classname="com.CRM_Vtiger.ContactsModule.CreateContact"/>
  <testcase name="createContact_TC003" time="37.186" classname="com.CRM_Vtiger.ContactsModule.CreateContact"/>
</testsuite> <!-- Test -->
