<?xml version="1.0" encoding="UTF-8"?>
<!-- Generated by org.testng.reporters.JUnitXMLReporter -->
<testsuite hostname="DESKTOP-7MR7K0D" ignored="1" name="SmokeTest_3" tests="2" failures="0" timestamp="2023-12-14T08:05:35 IST" time="99.904" errors="0">
  <testcase name="createContact_TC002" time="27.265" classname="com.CRM_Vtiger.ContactsModule.CreateContact"/>
  <testcase name="createContact_TC003" time="40.023" classname="com.CRM_Vtiger.ContactsModule.CreateContact"/>
  <testcase name="createContact_TC001" time="0.0" classname="com.CRM_Vtiger.ContactsModule.CreateContact">
    <ignored/>
  </testcase> <!-- createContact_TC001 -->
</testsuite> <!-- SmokeTest_3 -->
