<?xml version="1.0" encoding="UTF-8"?>
<!-- Generated by org.testng.reporters.JUnitXMLReporter -->
<testsuite hostname="DESKTOP-7MR7K0D" ignored="0" name="SmokeTest_1" tests="3" failures="0" timestamp="2023-12-14T07:54:30 IST" time="118.471" errors="0">
  <testcase name="createContact_TC001" time="25.589" classname="com.CRM_Vtiger.ContactsModule.CreateContact"/>
  <testcase name="createContact_TC002" time="22.184" classname="com.CRM_Vtiger.ContactsModule.CreateContact"/>
  <testcase name="createContact_TC003" time="36.485" classname="com.CRM_Vtiger.ContactsModule.CreateContact"/>
</testsuite> <!-- SmokeTest_1 -->
