<?xml version="1.0" encoding="UTF-8"?>
<!-- Generated by org.testng.reporters.JUnitXMLReporter -->
<testsuite hostname="DESKTOP-7MR7K0D" ignored="2" name="SmokeTest_2" tests="1" failures="1" timestamp="2023-12-14T07:59:38 IST" time="0.123" errors="0">
  <testcase name="createContact_TC001" time="0.025" classname="com.CRM_Vtiger.ContactsModule.CreateContact">
    <failure type="java.lang.NullPointerException">
      <![CDATA[java.lang.NullPointerException
at com.CRM_Vtiger.ContactsModule.CreateContact.createContact_TC001(CreateContact.java:21)
at java.util.ArrayList.forEach(ArrayList.java:1257)
... Removed 27 stack frames]]>
    </failure>
  </testcase> <!-- createContact_TC001 -->
  <testcase name="createContact_TC002" time="0.0" classname="com.CRM_Vtiger.ContactsModule.CreateContact">
    <ignored/>
  </testcase> <!-- createContact_TC002 -->
  <testcase name="createContact_TC003" time="0.0" classname="com.CRM_Vtiger.ContactsModule.CreateContact">
    <ignored/>
  </testcase> <!-- createContact_TC003 -->
</testsuite> <!-- SmokeTest_2 -->
